<?xml version="1.0" encoding="utf-8"?><testsuites name="pytest tests"><testsuite name="pytest" errors="0" failures="0" skipped="0" tests="17" time="8.597" timestamp="2026-02-09T09:19:17.895744+00:00" hostname="agent-env-5b7a5f4b-cbab-496b-b48f-199506818091"><testcase classname="backend.tests.test_iteration10_features.TestHealthAndRoot" name="test_api_root_status" time="0.098" /><testcase classname="backend.tests.test_iteration10_features.TestAICustomerService" name="test_ai_chat_basic_response" time="3.442" /><testcase classname="backend.tests.test_iteration10_features.TestAICustomerService" name="test_ai_chat_50_50_rule_question" time="1.511" /><testcase classname="backend.tests.test_iteration10_features.TestAICustomerService" name="test_ai_chat_global_vision_question" time="1.699" /><testcase classname="backend.tests.test_iteration10_features.TestAICustomerService" name="test_ai_chat_empty_message_error" time="0.040" /><testcase classname="backend.tests.test_iteration10_features.TestAICustomerService" name="test_ai_chat_supported_chains_question" time="0.896" /><testcase classname="backend.tests.test_iteration10_features.TestCoCreatorWaitlist" name="test_waitlist_status_not_joined" time="0.042" /><testcase classname="backend.tests.test_iteration10_features.TestCoCreatorWaitlist" name="test_waitlist_join_success" time="0.052" /><testcase classname="backend.tests.test_iteration10_features.TestCoCreatorWaitlist" name="test_waitlist_join_duplicate_prevention" time="0.124" /><testcase classname="backend.tests.test_iteration10_features.TestCoCreatorWaitlist" name="test_waitlist_status_after_join" time="0.082" /><testcase classname="backend.tests.test_iteration10_features.TestCoCreatorWaitlist" name="test_waitlist_join_missing_wallet" time="0.038" /><testcase classname="backend.tests.test_iteration10_features.TestExistingFeatures" name="test_prices_endpoint" time="0.164" /><testcase classname="backend.tests.test_iteration10_features.TestExistingFeatures" name="test_global_vision_opportunities" time="0.036" /><testcase classname="backend.tests.test_iteration10_features.TestExistingFeatures" name="test_payment_addresses" time="0.041" /><testcase classname="backend.tests.test_iteration10_features.TestExistingFeatures" name="test_vip_trading_commands" time="0.035" /><testcase classname="backend.tests.test_iteration10_features.TestExistingFeatures" name="test_demo_bot_stats" time="0.036" /><testcase classname="backend.tests.test_iteration10_features.TestExistingFeatures" name="test_gamification_bot_avatars" time="0.033" /></testsuite></testsuites>