<?xml version="1.0" encoding="utf-8"?><testsuites name="pytest tests"><testsuite name="pytest" errors="0" failures="2" skipped="0" tests="28" time="2.559" timestamp="2026-02-08T06:48:36.954462+00:00" hostname="agent-env-89b65a20-e6e3-4094-bc08-28f24d669e6e"><testcase classname="tests.test_aifund_api.TestHealthCheck" name="test_api_root" time="0.079" /><testcase classname="tests.test_aifund_api.TestWalletConnection" name="test_connect_new_wallet" time="0.049" /><testcase classname="tests.test_aifund_api.TestWalletConnection" name="test_connect_existing_wallet" time="0.087" /><testcase classname="tests.test_aifund_api.TestDepositAPI" name="test_deposit_usdt" time="0.212"><failure message="assert 9.99335 == 10.0">tests/test_aifund_api.py:99: in test_deposit_usdt
    assert data["new_balance"] == 10.0
E   assert 9.99335 == 10.0</failure></testcase><testcase classname="tests.test_aifund_api.TestDepositAPI" name="test_deposit_vip_tier" time="0.095"><failure message="assert 149.90025 == 150.0">tests/test_aifund_api.py:127: in test_deposit_vip_tier
    assert data["new_balance"] == 150.0
E   assert 149.90025 == 150.0</failure></testcase><testcase classname="tests.test_aifund_api.TestDepositAPI" name="test_deposit_unsupported_currency" time="0.082" /><testcase classname="tests.test_aifund_api.TestBotCreation" name="test_create_bot_male" time="0.119" /><testcase classname="tests.test_aifund_api.TestBotCreation" name="test_create_bot_female" time="0.117" /><testcase classname="tests.test_aifund_api.TestBotCreation" name="test_create_bot_without_deposit" time="0.086" /><testcase classname="tests.test_aifund_api.TestBotCreation" name="test_create_duplicate_bot" time="0.176" /><testcase classname="tests.test_aifund_api.TestBotRetrieval" name="test_get_bot_data" time="0.221" /><testcase classname="tests.test_aifund_api.TestBotRetrieval" name="test_get_nonexistent_bot" time="0.038" /><testcase classname="tests.test_aifund_api.TestGlobalVision" name="test_get_opportunities" time="0.041" /><testcase classname="tests.test_aifund_api.TestGlobalVision" name="test_opportunities_have_categories" time="0.047" /><testcase classname="tests.test_aifund_api.TestGlobalVision" name="test_get_featured_opportunity" time="0.044" /><testcase classname="tests.test_aifund_api.TestGlobalVision" name="test_calculate_potential" time="0.046" /><testcase classname="tests.test_aifund_api.TestGlobalVision" name="test_unlock_global_vision" time="0.083" /><testcase classname="tests.test_aifund_api.TestGlobalVision" name="test_unlock_insufficient_payment" time="0.092" /><testcase classname="tests.test_aifund_api.TestGamification" name="test_get_bot_avatars" time="0.043" /><testcase classname="tests.test_aifund_api.TestGamification" name="test_get_vip_levels" time="0.040" /><testcase classname="tests.test_aifund_api.TestGamification" name="test_get_virtual_store" time="0.041" /><testcase classname="tests.test_aifund_api.TestMarketData" name="test_get_prices" time="0.035" /><testcase classname="tests.test_aifund_api.TestMarketData" name="test_get_market_analysis" time="0.051" /><testcase classname="tests.test_aifund_api.TestLeaderboard" name="test_get_leaderboard" time="0.045" /><testcase classname="tests.test_aifund_api.TestNotifications" name="test_get_notifications" time="0.107" /><testcase classname="tests.test_aifund_api.TestNotifications" name="test_get_unread_notifications" time="0.085" /><testcase classname="tests.test_aifund_api.TestUserRetrieval" name="test_get_user" time="0.081" /><testcase classname="tests.test_aifund_api.TestUserRetrieval" name="test_get_nonexistent_user" time="0.045" /></testsuite></testsuites>