<?xml version="1.0" encoding="utf-8"?><testsuites name="pytest tests"><testsuite name="pytest" errors="0" failures="0" skipped="0" tests="12" time="1.189" timestamp="2026-02-10T04:19:34.756594+00:00" hostname="agent-env-5b7a5f4b-cbab-496b-b48f-199506818091"><testcase classname="tests.test_iteration13.TestAPIHealth" name="test_root_endpoint" time="0.062" /><testcase classname="tests.test_iteration13.TestAPIHealth" name="test_prices_endpoint" time="0.122" /><testcase classname="tests.test_iteration13.TestDemoTrades" name="test_demo_trades_returns_both_crypto_and_stocks" time="0.219" /><testcase classname="tests.test_iteration13.TestDemoTrades" name="test_demo_trades_stock_symbols_specific" time="0.355" /><testcase classname="tests.test_iteration13.TestVIPSupportedMarkets" name="test_vip_supported_markets" time="0.033" /><testcase classname="tests.test_iteration13.TestWaitlist" name="test_waitlist_status" time="0.080" /><testcase classname="tests.test_iteration13.TestDemoMarketAnalysis" name="test_demo_market_analysis" time="0.032" /><testcase classname="tests.test_iteration13.TestGlobalVision" name="test_global_vision_opportunities" time="0.038" /><testcase classname="tests.test_iteration13.TestGlobalVision" name="test_global_vision_featured" time="0.032" /><testcase classname="tests.test_iteration13.TestGamification" name="test_bot_avatars" time="0.031" /><testcase classname="tests.test_iteration13.TestGamification" name="test_vip_levels" time="0.031" /><testcase classname="tests.test_iteration13.TestGamification" name="test_virtual_store" time="0.038" /></testsuite></testsuites>