<?xml version="1.0" encoding="utf-8"?><testsuites name="pytest tests"><testsuite name="pytest" errors="0" failures="3" skipped="0" tests="29" time="1.559" timestamp="2026-02-09T08:34:09.817972+00:00" hostname="agent-env-5b7a5f4b-cbab-496b-b48f-199506818091"><testcase classname="backend.tests.test_iteration9_global_vision.TestGlobalVisionExpansion" name="test_global_vision_returns_45_plus_cases" time="0.105" /><testcase classname="backend.tests.test_iteration9_global_vision.TestGlobalVisionExpansion" name="test_btc_pizza_200000x_exists" time="0.051" /><testcase classname="backend.tests.test_iteration9_global_vision.TestGlobalVisionExpansion" name="test_sorting_by_roi_btc_pizza_at_top" time="0.049" /><testcase classname="backend.tests.test_iteration9_global_vision.TestGlobalVisionExpansion" name="test_15year_timeframe_tags" time="0.045" /><testcase classname="backend.tests.test_iteration9_global_vision.TestLegendaryIPOStories" name="test_tencent_ipo_2004_case" time="0.041" /><testcase classname="backend.tests.test_iteration9_global_vision.TestLegendaryIPOStories" name="test_nvda_ipo_1999_case" time="0.046" /><testcase classname="backend.tests.test_iteration9_global_vision.TestLegendaryIPOStories" name="test_tsla_ipo_2010_case" time="0.038" /><testcase classname="backend.tests.test_iteration9_global_vision.TestLegendaryIPOStories" name="test_amzn_ipo_1997_case" time="0.043" /><testcase classname="backend.tests.test_iteration9_global_vision.TestLegendaryIPOStories" name="test_google_ipo_2004_case" time="0.043" /><testcase classname="backend.tests.test_iteration9_global_vision.TestLegendaryIPOStories" name="test_gme_wsb_2021_case" time="0.041" /><testcase classname="backend.tests.test_iteration9_global_vision.TestLegendaryIPOStories" name="test_eth_ico_2014_case" time="0.048" /><testcase classname="backend.tests.test_iteration9_global_vision.TestLegendaryIPOStories" name="test_bnb_2017_case" time="0.044" /><testcase classname="backend.tests.test_iteration9_global_vision.TestLegendaryIPOStories" name="test_bitcoin_2011_at_1_dollar_case" time="0.040" /><testcase classname="backend.tests.test_iteration9_global_vision.TestLegendaryIPOStories" name="test_netflix_2010_case" time="0.039" /><testcase classname="backend.tests.test_iteration9_global_vision.TestLegendaryIPOStories" name="test_moutai_ipo_2001_case" time="0.049" /><testcase classname="backend.tests.test_iteration9_global_vision.TestHistoricalPriceCurves" name="test_tencent_ipo_2004_price_curve" time="0.058" /><testcase classname="backend.tests.test_iteration9_global_vision.TestHistoricalPriceCurves" name="test_nvda_ipo_1999_price_curve" time="0.044" /><testcase classname="backend.tests.test_iteration9_global_vision.TestHistoricalPriceCurves" name="test_tsla_ipo_2010_price_curve" time="0.049" /><testcase classname="backend.tests.test_iteration9_global_vision.TestHistoricalPriceCurves" name="test_amzn_ipo_1997_price_curve" time="0.052" /><testcase classname="backend.tests.test_iteration9_global_vision.TestHistoricalPriceCurves" name="test_google_ipo_2004_price_curve" time="0.044" /><testcase classname="backend.tests.test_iteration9_global_vision.TestHistoricalPriceCurves" name="test_gme_wsb_2021_price_curve" time="0.046" /><testcase classname="backend.tests.test_iteration9_global_vision.TestHistoricalPriceCurves" name="test_netflix_2010_price_curve" time="0.049" /><testcase classname="backend.tests.test_iteration9_global_vision.TestHistoricalPriceCurves" name="test_bitcoin_2011_price_curve" time="0.055" /><testcase classname="backend.tests.test_iteration9_global_vision.TestHistoricalPriceCurves" name="test_eth_ico_2014_price_curve" time="0.048" /><testcase classname="backend.tests.test_iteration9_global_vision.TestHistoricalPriceCurves" name="test_moutai_ipo_2001_price_curve" time="0.042" /><testcase classname="backend.tests.test_iteration9_global_vision.TestDemoModeIntact" name="test_demo_wallet_connect" time="0.081"><failure message="assert 422 == 200&#10; +  where 422 = &lt;Response [422]&gt;.status_code">backend/tests/test_iteration9_global_vision.py:358: in test_demo_wallet_connect
    assert response.status_code == 200
E   assert 422 == 200
E    +  where 422 = &lt;Response [422]&gt;.status_code</failure></testcase><testcase classname="backend.tests.test_iteration9_global_vision.TestDemoModeIntact" name="test_demo_login" time="0.034"><failure message="assert 404 == 200&#10; +  where 404 = &lt;Response [404]&gt;.status_code">backend/tests/test_iteration9_global_vision.py:367: in test_demo_login
    assert response.status_code == 200
E   assert 404 == 200
E    +  where 404 = &lt;Response [404]&gt;.status_code</failure></testcase><testcase classname="backend.tests.test_iteration9_global_vision.TestDemoModeIntact" name="test_health_check" time="0.039"><failure message="assert 404 == 200&#10; +  where 404 = &lt;Response [404]&gt;.status_code">backend/tests/test_iteration9_global_vision.py:377: in test_health_check
    assert response.status_code == 200
E   assert 404 == 200
E    +  where 404 = &lt;Response [404]&gt;.status_code</failure></testcase><testcase classname="backend.tests.test_iteration9_global_vision.TestAllCasesHaveRequiredFields" name="test_all_cases_have_required_fields" time="0.038" /></testsuite></testsuites>