<?xml version="1.0" encoding="utf-8"?><testsuites name="pytest tests"><testsuite name="pytest" errors="0" failures="0" skipped="0" tests="20" time="3.338" timestamp="2026-02-09T06:39:59.225232+00:00" hostname="agent-env-5b7a5f4b-cbab-496b-b48f-199506818091"><testcase classname="tests.test_iteration7_payment.TestPaymentAddresses" name="test_payment_addresses_returns_5_chains" time="0.076" /><testcase classname="tests.test_iteration7_payment.TestPaymentAddresses" name="test_trc20_address_correct" time="0.038" /><testcase classname="tests.test_iteration7_payment.TestPaymentAddresses" name="test_erc20_address_correct" time="0.036" /><testcase classname="tests.test_iteration7_payment.TestPaymentAddresses" name="test_bsc_address_correct" time="0.039" /><testcase classname="tests.test_iteration7_payment.TestPaymentAddresses" name="test_arb_address_correct" time="0.078" /><testcase classname="tests.test_iteration7_payment.TestPaymentAddresses" name="test_sol_address_correct" time="0.038" /><testcase classname="tests.test_iteration7_payment.TestPaymentVerify" name="test_verify_returns_verified_false_for_test_address" time="0.234" /><testcase classname="tests.test_iteration7_payment.TestPaymentVerify" name="test_verify_invalid_request" time="0.038" /><testcase classname="tests.test_iteration7_payment.TestPaymentVerify" name="test_verify_all_payment_types" time="0.960" /><testcase classname="tests.test_iteration7_payment.TestPaymentVerify" name="test_verify_all_chains" time="1.075" /><testcase classname="tests.test_iteration7_payment.TestPaymentManualConfirm" name="test_manual_confirm_works" time="0.046" /><testcase classname="tests.test_iteration7_payment.TestPaymentManualConfirm" name="test_manual_confirm_invalid_empty_tx" time="0.035" /><testcase classname="tests.test_iteration7_payment.TestPaymentManualConfirm" name="test_manual_confirm_duplicate_tx_hash" time="0.079" /><testcase classname="tests.test_iteration7_payment.TestExistingAPIsStillWork" name="test_root_endpoint" time="0.038" /><testcase classname="tests.test_iteration7_payment.TestExistingAPIsStillWork" name="test_prices_endpoint" time="0.114" /><testcase classname="tests.test_iteration7_payment.TestExistingAPIsStillWork" name="test_global_vision_opportunities" time="0.039" /><testcase classname="tests.test_iteration7_payment.TestExistingAPIsStillWork" name="test_demo_trades" time="0.040" /><testcase classname="tests.test_iteration7_payment.TestExistingAPIsStillWork" name="test_demo_bot_stats" time="0.037" /><testcase classname="tests.test_iteration7_payment.TestExistingAPIsStillWork" name="test_gamification_bot_avatars" time="0.034" /><testcase classname="tests.test_iteration7_payment.TestExistingAPIsStillWork" name="test_whitepaper_pdf" time="0.070" /></testsuite></testsuites>