<?xml version="1.0" encoding="utf-8"?><testsuites name="pytest tests"><testsuite name="pytest" errors="0" failures="0" skipped="0" tests="13" time="1.618" timestamp="2026-02-09T08:19:52.402544+00:00" hostname="agent-env-5b7a5f4b-cbab-496b-b48f-199506818091"><testcase classname="backend.tests.test_iteration8.TestIteration8BugFixes" name="test_api_root" time="0.069" /><testcase classname="backend.tests.test_iteration8.TestIteration8BugFixes" name="test_wallet_connect_returns_has_global_vision_new_user" time="0.074" /><testcase classname="backend.tests.test_iteration8.TestIteration8BugFixes" name="test_wallet_connect_returns_has_global_vision_existing_user" time="0.084" /><testcase classname="backend.tests.test_iteration8.TestIteration8BugFixes" name="test_payment_verify_accepts_amount_parameter" time="0.272" /><testcase classname="backend.tests.test_iteration8.TestIteration8BugFixes" name="test_payment_verify_with_global_vision_type" time="0.150" /><testcase classname="backend.tests.test_iteration8.TestIteration8BugFixes" name="test_payment_verify_with_vip_type" time="0.296" /><testcase classname="backend.tests.test_iteration8.TestIteration8BugFixes" name="test_payment_addresses_still_working" time="0.043" /><testcase classname="backend.tests.test_iteration8.TestIteration8DemoMode" name="test_demo_bot_stats" time="0.039" /><testcase classname="backend.tests.test_iteration8.TestIteration8DemoMode" name="test_demo_market_analysis" time="0.038" /><testcase classname="backend.tests.test_iteration8.TestIteration8DemoMode" name="test_demo_profit_chart" time="0.039" /><testcase classname="backend.tests.test_iteration8.TestIteration8GlobalVision" name="test_global_vision_opportunities" time="0.038" /><testcase classname="backend.tests.test_iteration8.TestIteration8GlobalVision" name="test_global_vision_featured" time="0.044" /><testcase classname="backend.tests.test_iteration8.TestIteration8I18n" name="test_market_prices" time="0.179" /></testsuite></testsuites>