<?xml version="1.0" encoding="utf-8"?><testsuites name="pytest tests"><testsuite name="pytest" errors="0" failures="0" skipped="0" tests="11" time="1.115" timestamp="2026-02-09T05:20:14.499679+00:00" hostname="agent-env-5b7a5f4b-cbab-496b-b48f-199506818091"><testcase classname="backend.tests.test_iteration5.TestWhitepaper" name="test_whitepaper_endpoint_returns_pdf" time="0.106" /><testcase classname="backend.tests.test_iteration5.TestGlobalVision" name="test_global_vision_opportunities_available" time="0.039" /><testcase classname="backend.tests.test_iteration5.TestGlobalVision" name="test_global_vision_timeframes" time="0.043" /><testcase classname="backend.tests.test_iteration5.TestGlobalVision" name="test_global_vision_opportunities_sorted_by_roi" time="0.040" /><testcase classname="backend.tests.test_iteration5.TestGlobalVision" name="test_global_vision_potential" time="0.040" /><testcase classname="backend.tests.test_iteration5.TestBackendHealth" name="test_api_root" time="0.035" /><testcase classname="backend.tests.test_iteration5.TestBackendHealth" name="test_prices_endpoint" time="0.464" /><testcase classname="backend.tests.test_iteration5.TestBackendHealth" name="test_gamification_vip_levels" time="0.040" /><testcase classname="backend.tests.test_iteration5.TestBackendHealth" name="test_gamification_bot_avatars" time="0.035" /><testcase classname="backend.tests.test_iteration5.TestBackendHealth" name="test_demo_bot_stats" time="0.036" /><testcase classname="backend.tests.test_iteration5.TestDemoMode" name="test_demo_wallet_connect" time="0.053" /></testsuite></testsuites>