<?xml version="1.0" encoding="utf-8"?><testsuites name="pytest tests"><testsuite name="pytest" errors="0" failures="0" skipped="0" tests="28" time="2.953" timestamp="2026-02-08T06:48:51.359905+00:00" hostname="agent-env-89b65a20-e6e3-4094-bc08-28f24d669e6e"><testcase classname="tests.test_aifund_api.TestHealthCheck" name="test_api_root" time="0.108" /><testcase classname="tests.test_aifund_api.TestWalletConnection" name="test_connect_new_wallet" time="0.093" /><testcase classname="tests.test_aifund_api.TestWalletConnection" name="test_connect_existing_wallet" time="0.123" /><testcase classname="tests.test_aifund_api.TestDepositAPI" name="test_deposit_usdt" time="0.233" /><testcase classname="tests.test_aifund_api.TestDepositAPI" name="test_deposit_vip_tier" time="0.116" /><testcase classname="tests.test_aifund_api.TestDepositAPI" name="test_deposit_unsupported_currency" time="0.094" /><testcase classname="tests.test_aifund_api.TestBotCreation" name="test_create_bot_male" time="0.154" /><testcase classname="tests.test_aifund_api.TestBotCreation" name="test_create_bot_female" time="0.163" /><testcase classname="tests.test_aifund_api.TestBotCreation" name="test_create_bot_without_deposit" time="0.100" /><testcase classname="tests.test_aifund_api.TestBotCreation" name="test_create_duplicate_bot" time="0.194" /><testcase classname="tests.test_aifund_api.TestBotRetrieval" name="test_get_bot_data" time="0.242" /><testcase classname="tests.test_aifund_api.TestBotRetrieval" name="test_get_nonexistent_bot" time="0.054" /><testcase classname="tests.test_aifund_api.TestGlobalVision" name="test_get_opportunities" time="0.055" /><testcase classname="tests.test_aifund_api.TestGlobalVision" name="test_opportunities_have_categories" time="0.066" /><testcase classname="tests.test_aifund_api.TestGlobalVision" name="test_get_featured_opportunity" time="0.058" /><testcase classname="tests.test_aifund_api.TestGlobalVision" name="test_calculate_potential" time="0.081" /><testcase classname="tests.test_aifund_api.TestGlobalVision" name="test_unlock_global_vision" time="0.125" /><testcase classname="tests.test_aifund_api.TestGlobalVision" name="test_unlock_insufficient_payment" time="0.120" /><testcase classname="tests.test_aifund_api.TestGamification" name="test_get_bot_avatars" time="0.057" /><testcase classname="tests.test_aifund_api.TestGamification" name="test_get_vip_levels" time="0.043" /><testcase classname="tests.test_aifund_api.TestGamification" name="test_get_virtual_store" time="0.045" /><testcase classname="tests.test_aifund_api.TestMarketData" name="test_get_prices" time="0.059" /><testcase classname="tests.test_aifund_api.TestMarketData" name="test_get_market_analysis" time="0.043" /><testcase classname="tests.test_aifund_api.TestLeaderboard" name="test_get_leaderboard" time="0.040" /><testcase classname="tests.test_aifund_api.TestNotifications" name="test_get_notifications" time="0.093" /><testcase classname="tests.test_aifund_api.TestNotifications" name="test_get_unread_notifications" time="0.084" /><testcase classname="tests.test_aifund_api.TestUserRetrieval" name="test_get_user" time="0.104" /><testcase classname="tests.test_aifund_api.TestUserRetrieval" name="test_get_nonexistent_user" time="0.043" /></testsuite></testsuites>