<?xml version="1.0" encoding="utf-8"?><testsuites name="pytest tests"><testsuite name="pytest" errors="0" failures="0" skipped="0" tests="21" time="1.235" timestamp="2026-02-09T05:51:38.622738+00:00" hostname="agent-env-5b7a5f4b-cbab-496b-b48f-199506818091"><testcase classname="tests.test_iteration6.TestGlobalVisionExpanded" name="test_global_vision_opportunities_returns_30_plus_items" time="0.073" /><testcase classname="tests.test_iteration6.TestGlobalVisionExpanded" name="test_global_vision_has_15_year_cases" time="0.037" /><testcase classname="tests.test_iteration6.TestGlobalVisionExpanded" name="test_btc_pizza_day_case" time="0.035" /><testcase classname="tests.test_iteration6.TestGlobalVisionExpanded" name="test_global_vision_has_2_year_cases" time="0.037" /><testcase classname="tests.test_iteration6.TestGlobalVisionExpanded" name="test_nvda_2023_ai_boom_case" time="0.042" /><testcase classname="tests.test_iteration6.TestGlobalVisionExpanded" name="test_sol_meme_season_case" time="0.040" /><testcase classname="tests.test_iteration6.TestHistoricalPricesWithPizzaDay" name="test_btc_2010_origin_price_curve" time="0.059" /><testcase classname="tests.test_iteration6.TestHistoricalPricesWithPizzaDay" name="test_historical_asset_btc_2010" time="0.034" /><testcase classname="tests.test_iteration6.TestTimePeriodFilters" name="test_filter_by_15year_timeframe" time="0.034" /><testcase classname="tests.test_iteration6.TestTimePeriodFilters" name="test_filter_by_2year_timeframe" time="0.042" /><testcase classname="tests.test_iteration6.TestWhitepaperAPI" name="test_whitepaper_pdf_download" time="0.047" /><testcase classname="tests.test_iteration6.TestCoreAPIs" name="test_root_api" time="0.034" /><testcase classname="tests.test_iteration6.TestCoreAPIs" name="test_prices_api" time="0.109" /><testcase classname="tests.test_iteration6.TestCoreAPIs" name="test_demo_bot_stats" time="0.035" /><testcase classname="tests.test_iteration6.TestCoreAPIs" name="test_market_analysis" time="0.081" /><testcase classname="tests.test_iteration6.TestCoreAPIs" name="test_global_vision_potential" time="0.036" /><testcase classname="tests.test_iteration6.TestCoreAPIs" name="test_global_vision_categories" time="0.037" /><testcase classname="tests.test_iteration6.TestCoreAPIs" name="test_supported_markets" time="0.052" /><testcase classname="tests.test_iteration6.TestCoreAPIs" name="test_gamification_vip_levels" time="0.034" /><testcase classname="tests.test_iteration6.TestDemoModeWorkflow" name="test_demo_wallet_connect" time="0.043" /><testcase classname="tests.test_iteration6.TestDemoModeWorkflow" name="test_demo_deposit" time="0.126" /></testsuite></testsuites>