<?xml version="1.0" encoding="utf-8"?><testsuites name="pytest tests"><testsuite name="pytest" errors="0" failures="0" skipped="0" tests="16" time="1.160" timestamp="2026-02-09T02:51:41.385991+00:00" hostname="agent-env-5b7a5f4b-cbab-496b-b48f-199506818091"><testcase classname="backend.tests.test_iteration4.TestWhitepaperAPI" name="test_whitepaper_returns_200" time="0.145" /><testcase classname="backend.tests.test_iteration4.TestWhitepaperAPI" name="test_whitepaper_returns_pdf_content_type" time="0.056" /><testcase classname="backend.tests.test_iteration4.TestWhitepaperAPI" name="test_whitepaper_has_content_disposition" time="0.055" /><testcase classname="backend.tests.test_iteration4.TestWhitepaperAPI" name="test_whitepaper_pdf_structure" time="0.048" /><testcase classname="backend.tests.test_iteration4.TestDemoMode" name="test_wallet_connect_creates_user" time="0.059" /><testcase classname="backend.tests.test_iteration4.TestDemoMode" name="test_demo_trades_endpoint" time="0.042" /><testcase classname="backend.tests.test_iteration4.TestDemoMode" name="test_demo_bot_stats" time="0.036" /><testcase classname="backend.tests.test_iteration4.TestVIPLevelSystem" name="test_vip_levels_endpoint" time="0.036" /><testcase classname="backend.tests.test_iteration4.TestVIPLevelSystem" name="test_vip_trading_commands" time="0.044" /><testcase classname="backend.tests.test_iteration4.TestVIPLevelSystem" name="test_supported_markets" time="0.042" /><testcase classname="backend.tests.test_iteration4.TestGlobalVision" name="test_global_vision_opportunities" time="0.036" /><testcase classname="backend.tests.test_iteration4.TestGlobalVision" name="test_global_vision_categories" time="0.036" /><testcase classname="backend.tests.test_iteration4.TestCoreAPIs" name="test_api_root" time="0.037" /><testcase classname="backend.tests.test_iteration4.TestCoreAPIs" name="test_prices_endpoint" time="0.144" /><testcase classname="backend.tests.test_iteration4.TestCoreAPIs" name="test_market_analysis" time="0.083" /><testcase classname="backend.tests.test_iteration4.TestCoreAPIs" name="test_bot_avatars" time="0.038" /></testsuite></testsuites>